<?xml version="1.0" encoding="UTF-8"?>
<testsuite xmlns:xsi="http://www.w3.org/2001/XMLSchema-instance" xsi:noNamespaceSchemaLocation="https://maven.apache.org/surefire/maven-surefire-plugin/xsd/surefire-test-report.xsd" name="uta.cse3310.WordBankTest" time="0.001" tests="3" errors="0" skipped="0" failures="0">
  <properties>
[...]
</properties>
  <testcase name="testGenerateGrid" classname="uta.cse3310.WordBankTest" time="0"/>
  <testcase name="testWordsPlaced" classname="uta.cse3310.WordBankTest" time="0"/>
  <testcase name="testAddWordsFromFile" classname="uta.cse3310.WordBankTest" time="0"/>
</testsuite>